2023-04-24 18:37:51 : 
<div class="container py-4 pt-5">
	<div class="row">
		<div class="col-md-12 d-flex align-items-center">
			<h1 class="me-auto fs-2">Manage Products</h1>

						<button onclick="ajax.setUrl('http://localhost/newmvc-parthj/index.php?c=product&a=add').call()" class="btn btn-primary">
				Add New Product</button>
					
		</div>
	</div>
</div>
<div class="responsive">

	<table class="table table-striped">
		<thead>
			<tr class="text-center">
								<th scope="col">Product Id</th>
								<th scope="col">Name</th>
								<th scope="col">SKU</th>
								<th scope="col">Cost</th>
								<th scope="col">Price</th>
								<th scope="col">Quantity</th>
								<th scope="col">Status</th>
								<th scope="col">Created At</th>
								<th scope="col">Updated At</th>
												<th scope="col">MEDIA</th>
								<th scope="col">EDIT</th>
								<th scope="col">DELETE</th>
				
			</tr>
		</thead>
		<tbody class="text-center">
											<tr>
										<td>
						116					</td>
										<td>
						Laptop					</td>
										<td>
						laptopi5-12					</td>
										<td>
						45000.00					</td>
										<td>
						47000.00					</td>
										<td>
						121					</td>
										<td>
						Active					</td>
										<td>
						2023-04-24 10:00:31					</td>
										<td>
											</td>
					
										<td>
						<button class="btn btn-success py-1 edit-btn" type="button"
						onclick="ajax.setUrl('http://localhost/newmvc-parthj/index.php?a=media&c=product_media&pid=116').call()">
								MEDIA							</button>
					</td>
										<td>
						<button class="btn btn-success py-1 edit-btn" type="button"
						onclick="ajax.setUrl('http://localhost/newmvc-parthj/index.php?a=edit&c=product&id=116').call()">
								EDIT							</button>
					</td>
										<td>
						<button class="btn btn-success py-1 edit-btn" type="button"
						onclick="ajax.setUrl('http://localhost/newmvc-parthj/index.php?a=delete&c=product&id=116').call()">
								DELETE							</button>
					</td>
									</tr>
					</tbody>
	</table>
</div>

2023-04-24 18:38:01 : 
<div class="container py-4 pt-5">
	<div class="row">
		<div class="col-md-12 d-flex align-items-center">
			<h1 class="me-auto fs-2">Manage Products</h1>

						<button onclick="ajax.setUrl('http://localhost/newmvc-parthj/index.php?c=product&a=add').call()" class="btn btn-primary">
				Add New Product</button>
					
		</div>
	</div>
</div>
<div class="responsive">

	<table class="table table-striped">
		<thead>
			<tr class="text-center">
								<th scope="col">Product Id</th>
								<th scope="col">Name</th>
								<th scope="col">SKU</th>
								<th scope="col">Cost</th>
								<th scope="col">Price</th>
								<th scope="col">Quantity</th>
								<th scope="col">Status</th>
								<th scope="col">Created At</th>
								<th scope="col">Updated At</th>
												<th scope="col">MEDIA</th>
								<th scope="col">EDIT</th>
								<th scope="col">DELETE</th>
				
			</tr>
		</thead>
		<tbody class="text-center">
											<tr>
										<td>
						116					</td>
										<td>
						Laptop					</td>
										<td>
						laptopi5-12					</td>
										<td>
						45000.00					</td>
										<td>
						47000.00					</td>
										<td>
						121					</td>
										<td>
						Active					</td>
										<td>
						2023-04-24 10:00:31					</td>
										<td>
											</td>
					
										<td>
						<button class="btn btn-success py-1 edit-btn" type="button"
						onclick="ajax.setUrl('http://localhost/newmvc-parthj/index.php?a=media&c=product_media&pid=116').call()">
								MEDIA							</button>
					</td>
										<td>
						<button class="btn btn-success py-1 edit-btn" type="button"
						onclick="ajax.setUrl('http://localhost/newmvc-parthj/index.php?a=edit&c=product&id=116').call()">
								EDIT							</button>
					</td>
										<td>
						<button class="btn btn-success py-1 edit-btn" type="button"
						onclick="ajax.setUrl('http://localhost/newmvc-parthj/index.php?a=delete&c=product&id=116').call()">
								DELETE							</button>
					</td>
									</tr>
					</tbody>
	</table>
</div>

2023-04-24 18:38:10 : 
<div class="container py-4 pt-5">
	<div class="row">
		<div class="col-md-12 d-flex align-items-center">
			<h1 class="me-auto fs-2">Manage Products</h1>

						<button onclick="ajax.setUrl('http://localhost/newmvc-parthj/index.php?a=add&c=product&id=116').call()" class="btn btn-primary">
				Add New Product</button>
					
		</div>
	</div>
</div>
<div class="responsive">

	<table class="table table-striped">
		<thead>
			<tr class="text-center">
								<th scope="col">Product Id</th>
								<th scope="col">Name</th>
								<th scope="col">SKU</th>
								<th scope="col">Cost</th>
								<th scope="col">Price</th>
								<th scope="col">Quantity</th>
								<th scope="col">Status</th>
								<th scope="col">Created At</th>
								<th scope="col">Updated At</th>
												<th scope="col">MEDIA</th>
								<th scope="col">EDIT</th>
								<th scope="col">DELETE</th>
				
			</tr>
		</thead>
		<tbody class="text-center">
											<tr>
										<td>
						116					</td>
										<td>
						Laptop					</td>
										<td>
						laptopi5-12					</td>
										<td>
						45000.00					</td>
										<td>
						47000.00					</td>
										<td>
						121					</td>
										<td>
						Active					</td>
										<td>
						2023-04-24 10:00:31					</td>
										<td>
											</td>
					
										<td>
						<button class="btn btn-success py-1 edit-btn" type="button"
						onclick="ajax.setUrl('http://localhost/newmvc-parthj/index.php?a=media&c=product_media&pid=116').call()">
								MEDIA							</button>
					</td>
										<td>
						<button class="btn btn-success py-1 edit-btn" type="button"
						onclick="ajax.setUrl('http://localhost/newmvc-parthj/index.php?a=edit&c=product&id=116').call()">
								EDIT							</button>
					</td>
										<td>
						<button class="btn btn-success py-1 edit-btn" type="button"
						onclick="ajax.setUrl('http://localhost/newmvc-parthj/index.php?a=delete&c=product&id=116').call()">
								DELETE							</button>
					</td>
									</tr>
					</tbody>
	</table>
</div>

2023-04-24 18:38:14 : 
<div class="container py-4 pt-5">
	<div class="row">
		<div class="col-md-12 d-flex align-items-center">
			<h1 class="me-auto fs-2">Manage Products</h1>

						<button onclick="ajax.setUrl('http://localhost/newmvc-parthj/index.php?a=add&c=product&id=116').call()" class="btn btn-primary">
				Add New Product</button>
					
		</div>
	</div>
</div>
<div class="responsive">

	<table class="table table-striped">
		<thead>
			<tr class="text-center">
								<th scope="col">Product Id</th>
								<th scope="col">Name</th>
								<th scope="col">SKU</th>
								<th scope="col">Cost</th>
								<th scope="col">Price</th>
								<th scope="col">Quantity</th>
								<th scope="col">Status</th>
								<th scope="col">Created At</th>
								<th scope="col">Updated At</th>
												<th scope="col">MEDIA</th>
								<th scope="col">EDIT</th>
								<th scope="col">DELETE</th>
				
			</tr>
		</thead>
		<tbody class="text-center">
											<tr>
										<td>
						116					</td>
										<td>
						Laptop					</td>
										<td>
						laptopi5-12					</td>
										<td>
						45000.00					</td>
										<td>
						47000.00					</td>
										<td>
						121					</td>
										<td>
						Active					</td>
										<td>
						2023-04-24 10:00:31					</td>
										<td>
											</td>
					
										<td>
						<button class="btn btn-success py-1 edit-btn" type="button"
						onclick="ajax.setUrl('http://localhost/newmvc-parthj/index.php?a=media&c=product_media&pid=116').call()">
								MEDIA							</button>
					</td>
										<td>
						<button class="btn btn-success py-1 edit-btn" type="button"
						onclick="ajax.setUrl('http://localhost/newmvc-parthj/index.php?a=edit&c=product&id=116').call()">
								EDIT							</button>
					</td>
										<td>
						<button class="btn btn-success py-1 edit-btn" type="button"
						onclick="ajax.setUrl('http://localhost/newmvc-parthj/index.php?a=delete&c=product&id=116').call()">
								DELETE							</button>
					</td>
									</tr>
					</tbody>
	</table>
</div>

2023-04-24 19:39:24 : 
<div class="container py-4 pt-5">
	<div class="row">
		<div class="col-md-12 d-flex align-items-center">
			<h1 class="me-auto fs-2">Manage Products</h1>

						<button onclick="ajax.setUrl('http://localhost/newmvc-parthj/index.php?a=add&c=product').call()" class="btn btn-primary">
				Add New Product</button>
					
		</div>
	</div>
</div>
<div class="responsive">

	<table class="table table-striped">
		<thead>
			<tr class="text-center">
								<th scope="col">Product Id</th>
								<th scope="col">Name</th>
								<th scope="col">SKU</th>
								<th scope="col">Cost</th>
								<th scope="col">Price</th>
								<th scope="col">Quantity</th>
								<th scope="col">Status</th>
								<th scope="col">Created At</th>
								<th scope="col">Updated At</th>
												<th scope="col">MEDIA</th>
								<th scope="col">EDIT</th>
								<th scope="col">DELETE</th>
				
			</tr>
		</thead>
		<tbody class="text-center">
											<tr>
										<td>
						116					</td>
										<td>
						Laptop					</td>
										<td>
						laptopi5-12					</td>
										<td>
						45000.00					</td>
										<td>
						47000.00					</td>
										<td>
						121					</td>
										<td>
						Active					</td>
										<td>
						2023-04-24 10:00:31					</td>
										<td>
											</td>
					
										<td>
						<button class="btn btn-success py-1 edit-btn" type="button"
						onclick="ajax.setUrl('http://localhost/newmvc-parthj/index.php?a=media&c=product_media&pid=116').call()">
								MEDIA							</button>
					</td>
										<td>
						<button class="btn btn-success py-1 edit-btn" type="button"
						onclick="ajax.setUrl('http://localhost/newmvc-parthj/index.php?a=edit&c=product&id=116').call()">
								EDIT							</button>
					</td>
										<td>
						<button class="btn btn-success py-1 edit-btn" type="button"
						onclick="ajax.setUrl('http://localhost/newmvc-parthj/index.php?a=delete&c=product&id=116').call()">
								DELETE							</button>
					</td>
									</tr>
					</tbody>
	</table>
</div>

2023-04-24 20:12:36 : 
<div class="container py-4 pt-5">
	<div class="row">
		<div class="col-md-12 d-flex align-items-center">
			<h1 class="me-auto fs-2">Manage Products</h1>

						<button onclick="ajax.setUrl('http://localhost/newmvc-parthj/index.php?a=add&c=product').call()" class="btn btn-primary">
				Add New Product</button>
					
		</div>
	</div>
</div>
<div class="responsive">

	<table class="table table-striped">
		<thead>
			<tr class="text-center">
								<th scope="col">Product Id</th>
								<th scope="col">Name</th>
								<th scope="col">SKU</th>
								<th scope="col">Cost</th>
								<th scope="col">Price</th>
								<th scope="col">Quantity</th>
								<th scope="col">Status</th>
								<th scope="col">Created At</th>
								<th scope="col">Updated At</th>
												<th scope="col">MEDIA</th>
								<th scope="col">EDIT</th>
								<th scope="col">DELETE</th>
				
			</tr>
		</thead>
		<tbody class="text-center">
											<tr>
										<td>
						116					</td>
										<td>
						Laptop					</td>
										<td>
						laptopi5-12					</td>
										<td>
						45000.00					</td>
										<td>
						47000.00					</td>
										<td>
						121					</td>
										<td>
						Active					</td>
										<td>
						2023-04-24 10:00:31					</td>
										<td>
											</td>
					
										<td>
						<button class="btn btn-success py-1 edit-btn" type="button"
						onclick="ajax.setUrl('http://localhost/newmvc-parthj/index.php?a=media&c=product_media&pid=116').call()">
								MEDIA							</button>
					</td>
										<td>
						<button class="btn btn-success py-1 edit-btn" type="button"
						onclick="ajax.setUrl('http://localhost/newmvc-parthj/index.php?a=edit&c=product&id=116').call()">
								EDIT							</button>
					</td>
										<td>
						<button class="btn btn-success py-1 edit-btn" type="button"
						onclick="ajax.setUrl('http://localhost/newmvc-parthj/index.php?a=delete&c=product&id=116').call()">
								DELETE							</button>
					</td>
									</tr>
					</tbody>
	</table>
</div>

2023-04-24 20:12:40 : 
<div class="container py-4 pt-5">
	<div class="row">
		<div class="col-md-12 d-flex align-items-center">
			<h1 class="me-auto fs-2">Manage Products</h1>

						<button onclick="ajax.setUrl('http://localhost/newmvc-parthj/index.php?a=add&c=product').call()" class="btn btn-primary">
				Add New Product</button>
					
		</div>
	</div>
</div>
<div class="responsive">

	<table class="table table-striped">
		<thead>
			<tr class="text-center">
								<th scope="col">Product Id</th>
								<th scope="col">Name</th>
								<th scope="col">SKU</th>
								<th scope="col">Cost</th>
								<th scope="col">Price</th>
								<th scope="col">Quantity</th>
								<th scope="col">Status</th>
								<th scope="col">Created At</th>
								<th scope="col">Updated At</th>
												<th scope="col">MEDIA</th>
								<th scope="col">EDIT</th>
								<th scope="col">DELETE</th>
				
			</tr>
		</thead>
		<tbody class="text-center">
											<tr>
										<td>
						116					</td>
										<td>
						Laptop					</td>
										<td>
						laptopi5-12					</td>
										<td>
						45000.00					</td>
										<td>
						47000.00					</td>
										<td>
						121					</td>
										<td>
						Active					</td>
										<td>
						2023-04-24 10:00:31					</td>
										<td>
											</td>
					
										<td>
						<button class="btn btn-success py-1 edit-btn" type="button"
						onclick="ajax.setUrl('http://localhost/newmvc-parthj/index.php?a=media&c=product_media&pid=116').call()">
								MEDIA							</button>
					</td>
										<td>
						<button class="btn btn-success py-1 edit-btn" type="button"
						onclick="ajax.setUrl('http://localhost/newmvc-parthj/index.php?a=edit&c=product&id=116').call()">
								EDIT							</button>
					</td>
										<td>
						<button class="btn btn-success py-1 edit-btn" type="button"
						onclick="ajax.setUrl('http://localhost/newmvc-parthj/index.php?a=delete&c=product&id=116').call()">
								DELETE							</button>
					</td>
									</tr>
					</tbody>
	</table>
</div>

2023-04-24 20:15:23 : 
<div class="container py-4 pt-5">
	<div class="row">
		<div class="col-md-12 d-flex align-items-center">
			<h1 class="me-auto fs-2">Manage Products</h1>

						<button onclick="ajax.setUrl('http://localhost/newmvc-parthj/index.php?a=add&c=product').call()" class="btn btn-primary">
				Add New Product</button>
					
		</div>
	</div>
</div>
<div class="responsive">

	<table class="table table-striped">
		<thead>
			<tr class="text-center">
								<th scope="col">Product Id</th>
								<th scope="col">Name</th>
								<th scope="col">SKU</th>
								<th scope="col">Cost</th>
								<th scope="col">Price</th>
								<th scope="col">Quantity</th>
								<th scope="col">Status</th>
								<th scope="col">Created At</th>
								<th scope="col">Updated At</th>
												<th scope="col">MEDIA</th>
								<th scope="col">EDIT</th>
								<th scope="col">DELETE</th>
				
			</tr>
		</thead>
		<tbody class="text-center">
											<tr>
										<td>
						116					</td>
										<td>
						Laptop					</td>
										<td>
						laptopi5-12					</td>
										<td>
						45000.00					</td>
										<td>
						47000.00					</td>
										<td>
						121					</td>
										<td>
						Active					</td>
										<td>
						2023-04-24 10:00:31					</td>
										<td>
											</td>
					
										<td>
						<button class="btn btn-success py-1 edit-btn" type="button"
						onclick="ajax.setUrl('http://localhost/newmvc-parthj/index.php?a=media&c=product_media&pid=116').call()">
								MEDIA							</button>
					</td>
										<td>
						<button class="btn btn-success py-1 edit-btn" type="button"
						onclick="ajax.setUrl('http://localhost/newmvc-parthj/index.php?a=edit&c=product&id=116').call()">
								EDIT							</button>
					</td>
										<td>
						<button class="btn btn-success py-1 edit-btn" type="button"
						onclick="ajax.setUrl('http://localhost/newmvc-parthj/index.php?a=delete&c=product&id=116').call()">
								DELETE							</button>
					</td>
									</tr>
					</tbody>
	</table>
</div>

2023-04-24 20:24:37 : 
<div class="container py-4 pt-5">
	<div class="row">
		<div class="col-md-12 d-flex align-items-center">
			<h1 class="me-auto fs-2">Manage Products</h1>

						<button onclick="ajax.setUrl('http://localhost/newmvc-parthj/index.php?a=add&c=product').call()" class="btn btn-primary">
				Add New Product</button>
					
		</div>
	</div>
</div>
<div class="responsive">

	<table class="table table-striped">
		<thead>
			<tr class="text-center">
								<th scope="col">Product Id</th>
								<th scope="col">Name</th>
								<th scope="col">SKU</th>
								<th scope="col">Cost</th>
								<th scope="col">Price</th>
								<th scope="col">Quantity</th>
								<th scope="col">Status</th>
								<th scope="col">Created At</th>
								<th scope="col">Updated At</th>
												<th scope="col">MEDIA</th>
								<th scope="col">EDIT</th>
								<th scope="col">DELETE</th>
				
			</tr>
		</thead>
		<tbody class="text-center">
											<tr>
										<td>
						116					</td>
										<td>
						Laptop					</td>
										<td>
						laptopi5-12					</td>
										<td>
						45000.00					</td>
										<td>
						47000.00					</td>
										<td>
						121					</td>
										<td>
						Active					</td>
										<td>
						2023-04-24 10:00:31					</td>
										<td>
											</td>
					
										<td>
						<button class="btn btn-success py-1 edit-btn" type="button"
						onclick="ajax.setUrl('http://localhost/newmvc-parthj/index.php?a=media&c=product_media&pid=116').call()">
								MEDIA							</button>
					</td>
										<td>
						<button class="btn btn-success py-1 edit-btn" type="button"
						onclick="ajax.setUrl('http://localhost/newmvc-parthj/index.php?a=edit&c=product&id=116').call()">
								EDIT							</button>
					</td>
										<td>
						<button class="btn btn-success py-1 edit-btn" type="button"
						onclick="ajax.setUrl('http://localhost/newmvc-parthj/index.php?a=delete&c=product&id=116').call()">
								DELETE							</button>
					</td>
									</tr>
					</tbody>
	</table>
</div>

2023-04-24 20:26:50 : 
<div class="container py-4 pt-5">
	<div class="row">
		<div class="col-md-12 d-flex align-items-center">
			<h1 class="me-auto fs-2">Manage Products</h1>

						<button onclick="ajax.setUrl('http://localhost/newmvc-parthj/index.php?a=add&c=product').call()" class="btn btn-primary">
				Add New Product</button>
					
		</div>
	</div>
</div>
<div class="responsive">

	<table class="table table-striped">
		<thead>
			<tr class="text-center">
								<th scope="col">Product Id</th>
								<th scope="col">Name</th>
								<th scope="col">SKU</th>
								<th scope="col">Cost</th>
								<th scope="col">Price</th>
								<th scope="col">Quantity</th>
								<th scope="col">Status</th>
								<th scope="col">Created At</th>
								<th scope="col">Updated At</th>
												<th scope="col">MEDIA</th>
								<th scope="col">EDIT</th>
								<th scope="col">DELETE</th>
				
			</tr>
		</thead>
		<tbody class="text-center">
											<tr>
										<td>
						116					</td>
										<td>
						Laptop					</td>
										<td>
						laptopi5-12					</td>
										<td>
						45000.00					</td>
										<td>
						47000.00					</td>
										<td>
						121					</td>
										<td>
						Active					</td>
										<td>
						2023-04-24 10:00:31					</td>
										<td>
											</td>
					
										<td>
						<button class="btn btn-success py-1 edit-btn" type="button"
						onclick="ajax.setUrl('http://localhost/newmvc-parthj/index.php?a=media&c=product_media&pid=116').call()">
								MEDIA							</button>
					</td>
										<td>
						<button class="btn btn-success py-1 edit-btn" type="button"
						onclick="ajax.setUrl('http://localhost/newmvc-parthj/index.php?a=edit&c=product&id=116').call()">
								EDIT							</button>
					</td>
										<td>
						<button class="btn btn-success py-1 edit-btn" type="button"
						onclick="ajax.setUrl('http://localhost/newmvc-parthj/index.php?a=delete&c=product&id=116').call()">
								DELETE							</button>
					</td>
									</tr>
					</tbody>
	</table>
</div>

2023-04-24 20:31:08 : 
<div class="container py-4 pt-5">
	<div class="row">
		<div class="col-md-12 d-flex align-items-center">
			<h1 class="me-auto fs-2">Manage Products</h1>

						<button onclick="ajax.setUrl('http://localhost/newmvc-parthj/index.php?a=add&c=product').call()" class="btn btn-primary">
				Add New Product</button>
					
		</div>
	</div>
</div>
<div class="responsive">

	<table class="table table-striped">
		<thead>
			<tr class="text-center">
								<th scope="col">Product Id</th>
								<th scope="col">Name</th>
								<th scope="col">SKU</th>
								<th scope="col">Cost</th>
								<th scope="col">Price</th>
								<th scope="col">Quantity</th>
								<th scope="col">Status</th>
								<th scope="col">Created At</th>
								<th scope="col">Updated At</th>
												<th scope="col">MEDIA</th>
								<th scope="col">EDIT</th>
								<th scope="col">DELETE</th>
				
			</tr>
		</thead>
		<tbody class="text-center">
											<tr>
										<td>
						116					</td>
										<td>
						Laptop					</td>
										<td>
						laptopi5-12					</td>
										<td>
						45000.00					</td>
										<td>
						47000.00					</td>
										<td>
						121					</td>
										<td>
						Active					</td>
										<td>
						2023-04-24 10:00:31					</td>
										<td>
											</td>
					
										<td>
						<button class="btn btn-success py-1 edit-btn" type="button"
						onclick="ajax.setUrl('http://localhost/newmvc-parthj/index.php?a=media&c=product_media&pid=116').call()">
								MEDIA							</button>
					</td>
										<td>
						<button class="btn btn-success py-1 edit-btn" type="button"
						onclick="ajax.setUrl('http://localhost/newmvc-parthj/index.php?a=edit&c=product&id=116').call()">
								EDIT							</button>
					</td>
										<td>
						<button class="btn btn-success py-1 edit-btn" type="button"
						onclick="ajax.setUrl('http://localhost/newmvc-parthj/index.php?a=delete&c=product&id=116').call()">
								DELETE							</button>
					</td>
									</tr>
					</tbody>
	</table>
</div>

2023-04-25 06:44:22 : 
<div class="container py-4 pt-5">
	<div class="row">
		<div class="col-md-12 d-flex align-items-center">
			<h1 class="me-auto fs-2">Manage Products</h1>

						<button onclick="ajax.setUrl('http://localhost/newmvc-parthj/index.php?c=product&a=add').call()" class="btn btn-primary">
				Add New Product</button>
					
		</div>
	</div>
</div>
<div class="responsive">

	<table class="table table-striped">
		<thead>
			<tr class="text-center">
								<th scope="col">Product Id</th>
								<th scope="col">Name</th>
								<th scope="col">SKU</th>
								<th scope="col">Cost</th>
								<th scope="col">Price</th>
								<th scope="col">Quantity</th>
								<th scope="col">Status</th>
								<th scope="col">Created At</th>
								<th scope="col">Updated At</th>
												<th scope="col">MEDIA</th>
								<th scope="col">EDIT</th>
								<th scope="col">DELETE</th>
				
			</tr>
		</thead>
		<tbody class="text-center">
											<tr>
										<td>
						116					</td>
										<td>
						Laptop					</td>
										<td>
						laptopi5-12					</td>
										<td>
						45000.00					</td>
										<td>
						47000.00					</td>
										<td>
						121					</td>
										<td>
						Active					</td>
										<td>
						2023-04-24 10:00:31					</td>
										<td>
											</td>
					
										<td>
						<button class="btn btn-success py-1 edit-btn" type="button"
						onclick="ajax.setUrl('http://localhost/newmvc-parthj/index.php?a=media&c=product_media&pid=116').call()">
								MEDIA							</button>
					</td>
										<td>
						<button class="btn btn-success py-1 edit-btn" type="button"
						onclick="ajax.setUrl('http://localhost/newmvc-parthj/index.php?a=edit&c=product&id=116').call()">
								EDIT							</button>
					</td>
										<td>
						<button class="btn btn-success py-1 edit-btn" type="button"
						onclick="ajax.setUrl('http://localhost/newmvc-parthj/index.php?a=delete&c=product&id=116').call()">
								DELETE							</button>
					</td>
									</tr>
					</tbody>
	</table>
</div>

2023-04-25 06:44:27 : 
<div class="container py-4 pt-5">
	<div class="row">
		<div class="col-md-12 d-flex align-items-center">
			<h1 class="me-auto fs-2">Manage Products</h1>

						<button onclick="ajax.setUrl('http://localhost/newmvc-parthj/index.php?c=product&a=add').call()" class="btn btn-primary">
				Add New Product</button>
					
		</div>
	</div>
</div>
<div class="responsive">

	<table class="table table-striped">
		<thead>
			<tr class="text-center">
								<th scope="col">Product Id</th>
								<th scope="col">Name</th>
								<th scope="col">SKU</th>
								<th scope="col">Cost</th>
								<th scope="col">Price</th>
								<th scope="col">Quantity</th>
								<th scope="col">Status</th>
								<th scope="col">Created At</th>
								<th scope="col">Updated At</th>
												<th scope="col">MEDIA</th>
								<th scope="col">EDIT</th>
								<th scope="col">DELETE</th>
				
			</tr>
		</thead>
		<tbody class="text-center">
											<tr>
										<td>
						116					</td>
										<td>
						Laptop					</td>
										<td>
						laptopi5-12					</td>
										<td>
						45000.00					</td>
										<td>
						47000.00					</td>
										<td>
						121					</td>
										<td>
						Active					</td>
										<td>
						2023-04-24 10:00:31					</td>
										<td>
											</td>
					
										<td>
						<button class="btn btn-success py-1 edit-btn" type="button"
						onclick="ajax.setUrl('http://localhost/newmvc-parthj/index.php?a=media&c=product_media&pid=116').call()">
								MEDIA							</button>
					</td>
										<td>
						<button class="btn btn-success py-1 edit-btn" type="button"
						onclick="ajax.setUrl('http://localhost/newmvc-parthj/index.php?a=edit&c=product&id=116').call()">
								EDIT							</button>
					</td>
										<td>
						<button class="btn btn-success py-1 edit-btn" type="button"
						onclick="ajax.setUrl('http://localhost/newmvc-parthj/index.php?a=delete&c=product&id=116').call()">
								DELETE							</button>
					</td>
									</tr>
					</tbody>
	</table>
</div>

