2023-04-30 21:42:12 : 

2023-04-30 21:42:17 : <div class='position-absolute  alert alert-danger'>Unknown column 'product_id' in 'field list'</div>

2023-04-30 21:42:34 : <div class='position-absolute  alert alert-danger'>Unknown column 'product_id' in 'field list'</div>

2023-04-30 21:44:35 : 

2023-04-30 21:44:37 : <div class='position-absolute  alert alert-danger'>Unknown column 'product_id' in 'field list'</div>

2023-04-30 21:47:50 : 

2023-04-30 21:47:55 : <div class='position-absolute  alert alert-info'>Price Updated Successfully..!!</div>

2023-04-30 21:48:07 : <div class='position-absolute  alert alert-info'>Salesman price deleted successfully..!!</div>

2023-04-30 21:48:18 : 

2023-04-30 21:48:57 : <div class='position-absolute  alert alert-info'>New salesman information has been saved successfully.</div>

2023-04-30 21:49:00 : 

2023-04-30 21:49:02 : 

2023-04-30 21:49:05 : 

2023-04-30 21:49:10 : 

2023-04-30 21:49:12 : 

2023-04-30 21:49:14 : <div class='position-absolute  alert alert-info'>Salesman price deleted successfully..!!</div>

2023-04-30 21:49:18 : 

2023-04-30 21:49:19 : 

2023-04-30 21:49:22 : 

2023-04-30 21:49:26 : 

2023-04-30 21:49:32 : 

2023-04-30 21:52:15 : 

2023-04-30 21:52:16 : 

2023-04-30 21:52:25 : 

2023-04-30 21:52:30 : 

2023-04-30 21:53:08 : 

2023-04-30 21:53:09 : 

2023-04-30 21:55:08 : 

2023-04-30 21:55:09 : 

2023-04-30 21:55:14 : 

2023-04-30 21:55:45 : 

2023-04-30 21:55:46 : 

2023-04-30 21:55:50 : 

2023-04-30 21:55:56 : 

2023-04-30 21:56:06 : 

2023-04-30 21:56:09 : <div class='position-absolute  alert alert-info'>Product deleted successfully.</div>

2023-04-30 21:56:09 : <div class='position-absolute  alert alert-info'>Product deleted successfully.</div>

2023-04-30 21:56:10 : <div class='position-absolute  alert alert-info'>Product deleted successfully.</div>

2023-04-30 21:56:10 : <div class='position-absolute  alert alert-info'>Product deleted successfully.</div>

2023-04-30 21:56:11 : <div class='position-absolute  alert alert-info'>Product deleted successfully.</div>

2023-04-30 21:56:11 : <div class='position-absolute  alert alert-info'>Product deleted successfully.</div>

2023-04-30 21:56:14 : 

2023-04-30 21:56:19 : 

2023-04-30 21:56:31 : 

2023-05-01 06:30:25 : 

2023-05-01 06:30:29 : 

2023-05-01 06:30:31 : 

2023-05-01 06:30:44 : 

2023-05-01 06:30:52 : 

2023-05-01 06:51:05 : 

2023-05-01 06:52:22 : 

2023-05-01 07:30:14 : 

2023-05-01 07:32:42 : 

2023-05-01 07:32:59 : 

2023-05-01 07:38:22 : 

2023-05-01 07:40:56 : 

2023-05-01 07:42:21 : 

2023-05-01 08:19:31 : 

2023-05-01 10:44:03 : 

2023-05-01 10:44:12 : 

2023-05-01 10:44:42 : 

2023-05-01 10:44:51 : 

2023-05-01 10:44:53 : 

2023-05-01 10:47:14 : 

