2023-04-27 07:24:14 : 1

2023-04-27 07:24:28 : 1

2023-04-27 07:25:44 : 1

2023-04-27 07:26:02 : 1

2023-04-27 07:26:18 : 1

2023-04-27 07:27:41 : 1

2023-04-27 07:28:01 : 1

2023-04-27 07:28:53 : 1

2023-04-27 07:29:00 : 1

2023-04-27 07:29:21 : 1

2023-04-27 07:29:47 : 1

2023-04-27 07:29:49 : 1

2023-04-27 07:30:06 : 1

2023-04-27 07:30:09 : 1

2023-04-27 07:30:17 : 1

2023-04-27 07:30:21 : 1

2023-04-27 07:31:16 : 1

2023-04-27 07:31:19 : 1

2023-04-27 07:32:19 : 1

2023-04-27 07:32:21 : 1

2023-04-27 07:35:27 : 1

2023-04-27 07:35:31 : 1

2023-04-27 07:35:34 : 1

2023-04-27 07:36:14 : 1

2023-04-27 07:36:15 : 1

2023-04-27 07:36:19 : 1

2023-04-27 07:36:25 : 1

2023-04-27 07:37:23 : 1

2023-04-27 07:37:30 : 1

2023-04-27 07:37:40 : 1

2023-04-27 07:37:51 : 1

2023-04-27 07:38:26 : 1

2023-04-27 07:39:02 : 1

2023-04-27 07:39:13 : 1

2023-04-27 07:39:34 : 1

2023-04-27 07:40:35 : 1

2023-04-27 07:46:45 : 1

2023-04-27 07:48:01 : 1

2023-04-27 07:48:02 : 1

2023-04-27 07:48:03 : 1

2023-04-27 07:48:05 : 1

2023-04-27 07:48:06 : 1

2023-04-27 07:48:08 : 1

2023-04-27 07:48:09 : 1

2023-04-27 07:48:09 : 1

2023-04-27 07:48:10 : 1

2023-04-27 07:48:29 : 1

2023-04-27 07:48:32 : 1

2023-04-27 07:49:05 : 1

2023-04-27 07:49:07 : 1

2023-04-27 07:49:09 : 1

2023-04-27 07:49:10 : 1

2023-04-27 07:49:10 : 1

2023-04-27 07:49:11 : 1

2023-04-27 07:49:12 : 1

2023-04-27 07:49:13 : 1

2023-04-27 07:49:14 : 1

2023-04-27 07:51:48 : Model_Core_Pager Object
(
    [_totalRecords:protected] => 0
    [_currentPage:protected] => 1
    [_numberOfPages:protected] => 0
    [_start:protected] => 1
    [_prev:protected] => 0
    [_next:protected] => 0
    [_end:protected] => 0
    [_recordPerPage:protected] => 10
    [_startLimit:protected] => 0
    [_recordPerPageOptions:protected] => Array
        (
            [0] => 10
            [1] => 20
            [2] => 50
            [3] => 100
            [4] => 200
        )

)


2023-04-27 08:00:03 : Model_Core_Pager Object
(
    [_totalRecords:protected] => 59
    [_currentPage:protected] => 1
    [_numberOfPages:protected] => 6
    [_start:protected] => 0
    [_prev:protected] => 0
    [_next:protected] => 2
    [_end:protected] => 6
    [_recordPerPage:protected] => 10
    [_startLimit:protected] => 0
    [_recordPerPageOptions:protected] => Array
        (
            [0] => 10
            [1] => 20
            [2] => 50
            [3] => 100
            [4] => 200
        )

)


2023-04-27 08:00:09 : Model_Core_Pager Object
(
    [_totalRecords:protected] => 59
    [_currentPage:protected] => 2
    [_numberOfPages:protected] => 6
    [_start:protected] => 1
    [_prev:protected] => 1
    [_next:protected] => 3
    [_end:protected] => 6
    [_recordPerPage:protected] => 10
    [_startLimit:protected] => 10
    [_recordPerPageOptions:protected] => Array
        (
            [0] => 10
            [1] => 20
            [2] => 50
            [3] => 100
            [4] => 200
        )

)


2023-04-27 08:00:10 : Model_Core_Pager Object
(
    [_totalRecords:protected] => 59
    [_currentPage:protected] => 3
    [_numberOfPages:protected] => 6
    [_start:protected] => 1
    [_prev:protected] => 2
    [_next:protected] => 4
    [_end:protected] => 6
    [_recordPerPage:protected] => 10
    [_startLimit:protected] => 20
    [_recordPerPageOptions:protected] => Array
        (
            [0] => 10
            [1] => 20
            [2] => 50
            [3] => 100
            [4] => 200
        )

)


2023-04-27 08:00:12 : Model_Core_Pager Object
(
    [_totalRecords:protected] => 59
    [_currentPage:protected] => 6
    [_numberOfPages:protected] => 6
    [_start:protected] => 1
    [_prev:protected] => 5
    [_next:protected] => 0
    [_end:protected] => 0
    [_recordPerPage:protected] => 10
    [_startLimit:protected] => 50
    [_recordPerPageOptions:protected] => Array
        (
            [0] => 10
            [1] => 20
            [2] => 50
            [3] => 100
            [4] => 200
        )

)


2023-04-27 08:00:13 : Model_Core_Pager Object
(
    [_totalRecords:protected] => 59
    [_currentPage:protected] => 1
    [_numberOfPages:protected] => 6
    [_start:protected] => 0
    [_prev:protected] => 0
    [_next:protected] => 2
    [_end:protected] => 6
    [_recordPerPage:protected] => 10
    [_startLimit:protected] => 0
    [_recordPerPageOptions:protected] => Array
        (
            [0] => 10
            [1] => 20
            [2] => 50
            [3] => 100
            [4] => 200
        )

)


2023-04-27 08:00:47 : Model_Core_Pager Object
(
    [_totalRecords:protected] => 59
    [_currentPage:protected] => 1
    [_numberOfPages:protected] => 6
    [_start:protected] => 0
    [_prev:protected] => 0
    [_next:protected] => 2
    [_end:protected] => 6
    [_recordPerPage:protected] => 10
    [_startLimit:protected] => 0
    [_recordPerPageOptions:protected] => Array
        (
            [0] => 10
            [1] => 20
            [2] => 50
            [3] => 100
            [4] => 200
        )

)


2023-04-27 08:00:49 : Model_Core_Pager Object
(
    [_totalRecords:protected] => 59
    [_currentPage:protected] => 2
    [_numberOfPages:protected] => 6
    [_start:protected] => 1
    [_prev:protected] => 1
    [_next:protected] => 3
    [_end:protected] => 6
    [_recordPerPage:protected] => 10
    [_startLimit:protected] => 10
    [_recordPerPageOptions:protected] => Array
        (
            [0] => 10
            [1] => 20
            [2] => 50
            [3] => 100
            [4] => 200
        )

)


2023-04-27 08:00:50 : Model_Core_Pager Object
(
    [_totalRecords:protected] => 59
    [_currentPage:protected] => 3
    [_numberOfPages:protected] => 6
    [_start:protected] => 1
    [_prev:protected] => 2
    [_next:protected] => 4
    [_end:protected] => 6
    [_recordPerPage:protected] => 10
    [_startLimit:protected] => 20
    [_recordPerPageOptions:protected] => Array
        (
            [0] => 10
            [1] => 20
            [2] => 50
            [3] => 100
            [4] => 200
        )

)


2023-04-27 08:00:51 : Model_Core_Pager Object
(
    [_totalRecords:protected] => 59
    [_currentPage:protected] => 4
    [_numberOfPages:protected] => 6
    [_start:protected] => 1
    [_prev:protected] => 3
    [_next:protected] => 5
    [_end:protected] => 6
    [_recordPerPage:protected] => 10
    [_startLimit:protected] => 30
    [_recordPerPageOptions:protected] => Array
        (
            [0] => 10
            [1] => 20
            [2] => 50
            [3] => 100
            [4] => 200
        )

)


2023-04-27 08:00:52 : Model_Core_Pager Object
(
    [_totalRecords:protected] => 59
    [_currentPage:protected] => 6
    [_numberOfPages:protected] => 6
    [_start:protected] => 1
    [_prev:protected] => 5
    [_next:protected] => 0
    [_end:protected] => 0
    [_recordPerPage:protected] => 10
    [_startLimit:protected] => 50
    [_recordPerPageOptions:protected] => Array
        (
            [0] => 10
            [1] => 20
            [2] => 50
            [3] => 100
            [4] => 200
        )

)


2023-04-27 08:00:53 : Model_Core_Pager Object
(
    [_totalRecords:protected] => 59
    [_currentPage:protected] => 1
    [_numberOfPages:protected] => 6
    [_start:protected] => 0
    [_prev:protected] => 0
    [_next:protected] => 2
    [_end:protected] => 6
    [_recordPerPage:protected] => 10
    [_startLimit:protected] => 0
    [_recordPerPageOptions:protected] => Array
        (
            [0] => 10
            [1] => 20
            [2] => 50
            [3] => 100
            [4] => 200
        )

)


2023-04-27 08:00:58 : Model_Core_Pager Object
(
    [_totalRecords:protected] => 59
    [_currentPage:protected] => 2
    [_numberOfPages:protected] => 6
    [_start:protected] => 1
    [_prev:protected] => 1
    [_next:protected] => 3
    [_end:protected] => 6
    [_recordPerPage:protected] => 10
    [_startLimit:protected] => 10
    [_recordPerPageOptions:protected] => Array
        (
            [0] => 10
            [1] => 20
            [2] => 50
            [3] => 100
            [4] => 200
        )

)


2023-04-27 08:00:59 : Model_Core_Pager Object
(
    [_totalRecords:protected] => 59
    [_currentPage:protected] => 3
    [_numberOfPages:protected] => 6
    [_start:protected] => 1
    [_prev:protected] => 2
    [_next:protected] => 4
    [_end:protected] => 6
    [_recordPerPage:protected] => 10
    [_startLimit:protected] => 20
    [_recordPerPageOptions:protected] => Array
        (
            [0] => 10
            [1] => 20
            [2] => 50
            [3] => 100
            [4] => 200
        )

)


2023-04-27 08:01:00 : Model_Core_Pager Object
(
    [_totalRecords:protected] => 59
    [_currentPage:protected] => 6
    [_numberOfPages:protected] => 6
    [_start:protected] => 1
    [_prev:protected] => 5
    [_next:protected] => 0
    [_end:protected] => 0
    [_recordPerPage:protected] => 10
    [_startLimit:protected] => 50
    [_recordPerPageOptions:protected] => Array
        (
            [0] => 10
            [1] => 20
            [2] => 50
            [3] => 100
            [4] => 200
        )

)


2023-04-27 08:01:04 : Model_Core_Pager Object
(
    [_totalRecords:protected] => 59
    [_currentPage:protected] => 1
    [_numberOfPages:protected] => 6
    [_start:protected] => 0
    [_prev:protected] => 0
    [_next:protected] => 2
    [_end:protected] => 6
    [_recordPerPage:protected] => 10
    [_startLimit:protected] => 0
    [_recordPerPageOptions:protected] => Array
        (
            [0] => 10
            [1] => 20
            [2] => 50
            [3] => 100
            [4] => 200
        )

)


2023-04-27 08:01:04 : Model_Core_Pager Object
(
    [_totalRecords:protected] => 59
    [_currentPage:protected] => 1
    [_numberOfPages:protected] => 6
    [_start:protected] => 0
    [_prev:protected] => 0
    [_next:protected] => 2
    [_end:protected] => 6
    [_recordPerPage:protected] => 10
    [_startLimit:protected] => 0
    [_recordPerPageOptions:protected] => Array
        (
            [0] => 10
            [1] => 20
            [2] => 50
            [3] => 100
            [4] => 200
        )

)


2023-04-27 08:01:04 : Model_Core_Pager Object
(
    [_totalRecords:protected] => 59
    [_currentPage:protected] => 6
    [_numberOfPages:protected] => 6
    [_start:protected] => 1
    [_prev:protected] => 5
    [_next:protected] => 0
    [_end:protected] => 0
    [_recordPerPage:protected] => 10
    [_startLimit:protected] => 50
    [_recordPerPageOptions:protected] => Array
        (
            [0] => 10
            [1] => 20
            [2] => 50
            [3] => 100
            [4] => 200
        )

)


2023-04-27 08:01:04 : Model_Core_Pager Object
(
    [_totalRecords:protected] => 59
    [_currentPage:protected] => 6
    [_numberOfPages:protected] => 6
    [_start:protected] => 1
    [_prev:protected] => 5
    [_next:protected] => 0
    [_end:protected] => 0
    [_recordPerPage:protected] => 10
    [_startLimit:protected] => 50
    [_recordPerPageOptions:protected] => Array
        (
            [0] => 10
            [1] => 20
            [2] => 50
            [3] => 100
            [4] => 200
        )

)


2023-04-27 08:01:05 : Model_Core_Pager Object
(
    [_totalRecords:protected] => 59
    [_currentPage:protected] => 1
    [_numberOfPages:protected] => 6
    [_start:protected] => 0
    [_prev:protected] => 0
    [_next:protected] => 2
    [_end:protected] => 6
    [_recordPerPage:protected] => 10
    [_startLimit:protected] => 0
    [_recordPerPageOptions:protected] => Array
        (
            [0] => 10
            [1] => 20
            [2] => 50
            [3] => 100
            [4] => 200
        )

)


2023-04-27 08:01:05 : Model_Core_Pager Object
(
    [_totalRecords:protected] => 59
    [_currentPage:protected] => 6
    [_numberOfPages:protected] => 6
    [_start:protected] => 1
    [_prev:protected] => 5
    [_next:protected] => 0
    [_end:protected] => 0
    [_recordPerPage:protected] => 10
    [_startLimit:protected] => 50
    [_recordPerPageOptions:protected] => Array
        (
            [0] => 10
            [1] => 20
            [2] => 50
            [3] => 100
            [4] => 200
        )

)


2023-04-27 08:01:06 : Model_Core_Pager Object
(
    [_totalRecords:protected] => 59
    [_currentPage:protected] => 1
    [_numberOfPages:protected] => 6
    [_start:protected] => 0
    [_prev:protected] => 0
    [_next:protected] => 2
    [_end:protected] => 6
    [_recordPerPage:protected] => 10
    [_startLimit:protected] => 0
    [_recordPerPageOptions:protected] => Array
        (
            [0] => 10
            [1] => 20
            [2] => 50
            [3] => 100
            [4] => 200
        )

)


2023-04-27 08:01:06 : Model_Core_Pager Object
(
    [_totalRecords:protected] => 59
    [_currentPage:protected] => 6
    [_numberOfPages:protected] => 6
    [_start:protected] => 1
    [_prev:protected] => 5
    [_next:protected] => 0
    [_end:protected] => 0
    [_recordPerPage:protected] => 10
    [_startLimit:protected] => 50
    [_recordPerPageOptions:protected] => Array
        (
            [0] => 10
            [1] => 20
            [2] => 50
            [3] => 100
            [4] => 200
        )

)


2023-04-27 08:01:07 : Model_Core_Pager Object
(
    [_totalRecords:protected] => 59
    [_currentPage:protected] => 1
    [_numberOfPages:protected] => 6
    [_start:protected] => 0
    [_prev:protected] => 0
    [_next:protected] => 2
    [_end:protected] => 6
    [_recordPerPage:protected] => 10
    [_startLimit:protected] => 0
    [_recordPerPageOptions:protected] => Array
        (
            [0] => 10
            [1] => 20
            [2] => 50
            [3] => 100
            [4] => 200
        )

)


2023-04-27 08:01:07 : Model_Core_Pager Object
(
    [_totalRecords:protected] => 59
    [_currentPage:protected] => 6
    [_numberOfPages:protected] => 6
    [_start:protected] => 1
    [_prev:protected] => 5
    [_next:protected] => 0
    [_end:protected] => 0
    [_recordPerPage:protected] => 10
    [_startLimit:protected] => 50
    [_recordPerPageOptions:protected] => Array
        (
            [0] => 10
            [1] => 20
            [2] => 50
            [3] => 100
            [4] => 200
        )

)


2023-04-27 08:02:26 : Model_Core_Pager Object
(
    [_totalRecords:protected] => 59
    [_currentPage:protected] => 1
    [_numberOfPages:protected] => 6
    [_start:protected] => 0
    [_prev:protected] => 0
    [_next:protected] => 2
    [_end:protected] => 6
    [_recordPerPage:protected] => 10
    [_startLimit:protected] => 0
    [_recordPerPageOptions:protected] => Array
        (
            [0] => 10
            [1] => 20
            [2] => 50
            [3] => 100
            [4] => 200
        )

)


2023-04-27 08:07:01 : Model_Core_Pager Object
(
    [_totalRecords:protected] => 59
    [_currentPage:protected] => 1
    [_numberOfPages:protected] => 6
    [_start:protected] => 0
    [_prev:protected] => 0
    [_next:protected] => 2
    [_end:protected] => 6
    [_recordPerPage:protected] => 10
    [_startLimit:protected] => 0
    [_recordPerPageOptions:protected] => Array
        (
            [0] => 10
            [1] => 20
            [2] => 50
            [3] => 100
            [4] => 200
        )

)


2023-04-27 10:49:45 : Model_Core_Pager Object
(
    [_totalRecords:protected] => 59
    [_currentPage:protected] => 1
    [_numberOfPages:protected] => 6
    [_start:protected] => 0
    [_prev:protected] => 0
    [_next:protected] => 2
    [_end:protected] => 6
    [_recordPerPage:protected] => 10
    [_startLimit:protected] => 0
    [_recordPerPageOptions:protected] => Array
        (
            [0] => 10
            [1] => 20
            [2] => 50
            [3] => 100
            [4] => 200
        )

)


2023-04-27 10:49:52 : Model_Core_Pager Object
(
    [_totalRecords:protected] => 59
    [_currentPage:protected] => 2
    [_numberOfPages:protected] => 6
    [_start:protected] => 1
    [_prev:protected] => 1
    [_next:protected] => 3
    [_end:protected] => 6
    [_recordPerPage:protected] => 10
    [_startLimit:protected] => 10
    [_recordPerPageOptions:protected] => Array
        (
            [0] => 10
            [1] => 20
            [2] => 50
            [3] => 100
            [4] => 200
        )

)


2023-04-27 10:49:52 : Model_Core_Pager Object
(
    [_totalRecords:protected] => 59
    [_currentPage:protected] => 3
    [_numberOfPages:protected] => 6
    [_start:protected] => 1
    [_prev:protected] => 2
    [_next:protected] => 4
    [_end:protected] => 6
    [_recordPerPage:protected] => 10
    [_startLimit:protected] => 20
    [_recordPerPageOptions:protected] => Array
        (
            [0] => 10
            [1] => 20
            [2] => 50
            [3] => 100
            [4] => 200
        )

)


2023-04-27 10:49:53 : Model_Core_Pager Object
(
    [_totalRecords:protected] => 59
    [_currentPage:protected] => 4
    [_numberOfPages:protected] => 6
    [_start:protected] => 1
    [_prev:protected] => 3
    [_next:protected] => 5
    [_end:protected] => 6
    [_recordPerPage:protected] => 10
    [_startLimit:protected] => 30
    [_recordPerPageOptions:protected] => Array
        (
            [0] => 10
            [1] => 20
            [2] => 50
            [3] => 100
            [4] => 200
        )

)


2023-04-27 10:49:54 : Model_Core_Pager Object
(
    [_totalRecords:protected] => 59
    [_currentPage:protected] => 6
    [_numberOfPages:protected] => 6
    [_start:protected] => 1
    [_prev:protected] => 5
    [_next:protected] => 0
    [_end:protected] => 0
    [_recordPerPage:protected] => 10
    [_startLimit:protected] => 50
    [_recordPerPageOptions:protected] => Array
        (
            [0] => 10
            [1] => 20
            [2] => 50
            [3] => 100
            [4] => 200
        )

)


2023-04-27 10:49:56 : Model_Core_Pager Object
(
    [_totalRecords:protected] => 59
    [_currentPage:protected] => 1
    [_numberOfPages:protected] => 6
    [_start:protected] => 0
    [_prev:protected] => 0
    [_next:protected] => 2
    [_end:protected] => 6
    [_recordPerPage:protected] => 10
    [_startLimit:protected] => 0
    [_recordPerPageOptions:protected] => Array
        (
            [0] => 10
            [1] => 20
            [2] => 50
            [3] => 100
            [4] => 200
        )

)


2023-04-27 10:50:43 : Model_Core_Pager Object
(
    [_totalRecords:protected] => 59
    [_currentPage:protected] => 1
    [_numberOfPages:protected] => 6
    [_start:protected] => 0
    [_prev:protected] => 0
    [_next:protected] => 2
    [_end:protected] => 6
    [_recordPerPage:protected] => 10
    [_startLimit:protected] => 0
    [_recordPerPageOptions:protected] => Array
        (
            [0] => 10
            [1] => 20
            [2] => 50
            [3] => 100
            [4] => 200
        )

)


2023-04-27 10:50:44 : Model_Core_Pager Object
(
    [_totalRecords:protected] => 59
    [_currentPage:protected] => 1
    [_numberOfPages:protected] => 6
    [_start:protected] => 0
    [_prev:protected] => 0
    [_next:protected] => 2
    [_end:protected] => 6
    [_recordPerPage:protected] => 10
    [_startLimit:protected] => 0
    [_recordPerPageOptions:protected] => Array
        (
            [0] => 10
            [1] => 20
            [2] => 50
            [3] => 100
            [4] => 200
        )

)


2023-04-27 10:50:46 : Model_Core_Pager Object
(
    [_totalRecords:protected] => 59
    [_currentPage:protected] => 6
    [_numberOfPages:protected] => 6
    [_start:protected] => 1
    [_prev:protected] => 5
    [_next:protected] => 0
    [_end:protected] => 0
    [_recordPerPage:protected] => 10
    [_startLimit:protected] => 50
    [_recordPerPageOptions:protected] => Array
        (
            [0] => 10
            [1] => 20
            [2] => 50
            [3] => 100
            [4] => 200
        )

)


2023-04-27 10:50:48 : Model_Core_Pager Object
(
    [_totalRecords:protected] => 59
    [_currentPage:protected] => 5
    [_numberOfPages:protected] => 6
    [_start:protected] => 1
    [_prev:protected] => 4
    [_next:protected] => 6
    [_end:protected] => 6
    [_recordPerPage:protected] => 10
    [_startLimit:protected] => 40
    [_recordPerPageOptions:protected] => Array
        (
            [0] => 10
            [1] => 20
            [2] => 50
            [3] => 100
            [4] => 200
        )

)


2023-04-27 10:50:49 : Model_Core_Pager Object
(
    [_totalRecords:protected] => 59
    [_currentPage:protected] => 4
    [_numberOfPages:protected] => 6
    [_start:protected] => 1
    [_prev:protected] => 3
    [_next:protected] => 5
    [_end:protected] => 6
    [_recordPerPage:protected] => 10
    [_startLimit:protected] => 30
    [_recordPerPageOptions:protected] => Array
        (
            [0] => 10
            [1] => 20
            [2] => 50
            [3] => 100
            [4] => 200
        )

)


2023-04-27 10:50:49 : Model_Core_Pager Object
(
    [_totalRecords:protected] => 59
    [_currentPage:protected] => 3
    [_numberOfPages:protected] => 6
    [_start:protected] => 1
    [_prev:protected] => 2
    [_next:protected] => 4
    [_end:protected] => 6
    [_recordPerPage:protected] => 10
    [_startLimit:protected] => 20
    [_recordPerPageOptions:protected] => Array
        (
            [0] => 10
            [1] => 20
            [2] => 50
            [3] => 100
            [4] => 200
        )

)


2023-04-27 10:50:50 : Model_Core_Pager Object
(
    [_totalRecords:protected] => 59
    [_currentPage:protected] => 2
    [_numberOfPages:protected] => 6
    [_start:protected] => 1
    [_prev:protected] => 1
    [_next:protected] => 3
    [_end:protected] => 6
    [_recordPerPage:protected] => 10
    [_startLimit:protected] => 10
    [_recordPerPageOptions:protected] => Array
        (
            [0] => 10
            [1] => 20
            [2] => 50
            [3] => 100
            [4] => 200
        )

)


2023-04-27 10:50:51 : Model_Core_Pager Object
(
    [_totalRecords:protected] => 59
    [_currentPage:protected] => 1
    [_numberOfPages:protected] => 6
    [_start:protected] => 0
    [_prev:protected] => 0
    [_next:protected] => 2
    [_end:protected] => 6
    [_recordPerPage:protected] => 10
    [_startLimit:protected] => 0
    [_recordPerPageOptions:protected] => Array
        (
            [0] => 10
            [1] => 20
            [2] => 50
            [3] => 100
            [4] => 200
        )

)


2023-04-27 10:51:07 : Model_Core_Pager Object
(
    [_totalRecords:protected] => 59
    [_currentPage:protected] => 6
    [_numberOfPages:protected] => 6
    [_start:protected] => 1
    [_prev:protected] => 5
    [_next:protected] => 0
    [_end:protected] => 0
    [_recordPerPage:protected] => 10
    [_startLimit:protected] => 50
    [_recordPerPageOptions:protected] => Array
        (
            [0] => 10
            [1] => 20
            [2] => 50
            [3] => 100
            [4] => 200
        )

)


2023-04-27 10:51:08 : Model_Core_Pager Object
(
    [_totalRecords:protected] => 59
    [_currentPage:protected] => 1
    [_numberOfPages:protected] => 6
    [_start:protected] => 0
    [_prev:protected] => 0
    [_next:protected] => 2
    [_end:protected] => 6
    [_recordPerPage:protected] => 10
    [_startLimit:protected] => 0
    [_recordPerPageOptions:protected] => Array
        (
            [0] => 10
            [1] => 20
            [2] => 50
            [3] => 100
            [4] => 200
        )

)


2023-04-27 10:51:09 : Model_Core_Pager Object
(
    [_totalRecords:protected] => 59
    [_currentPage:protected] => 6
    [_numberOfPages:protected] => 6
    [_start:protected] => 1
    [_prev:protected] => 5
    [_next:protected] => 0
    [_end:protected] => 0
    [_recordPerPage:protected] => 10
    [_startLimit:protected] => 50
    [_recordPerPageOptions:protected] => Array
        (
            [0] => 10
            [1] => 20
            [2] => 50
            [3] => 100
            [4] => 200
        )

)


2023-04-27 10:51:34 : Model_Core_Pager Object
(
    [_totalRecords:protected] => 59
    [_currentPage:protected] => 1
    [_numberOfPages:protected] => 6
    [_start:protected] => 0
    [_prev:protected] => 0
    [_next:protected] => 2
    [_end:protected] => 6
    [_recordPerPage:protected] => 10
    [_startLimit:protected] => 0
    [_recordPerPageOptions:protected] => Array
        (
            [0] => 10
            [1] => 20
            [2] => 50
            [3] => 100
            [4] => 200
        )

)


2023-04-27 10:51:36 : Model_Core_Pager Object
(
    [_totalRecords:protected] => 59
    [_currentPage:protected] => 6
    [_numberOfPages:protected] => 6
    [_start:protected] => 1
    [_prev:protected] => 5
    [_next:protected] => 6
    [_end:protected] => 0
    [_recordPerPage:protected] => 10
    [_startLimit:protected] => 50
    [_recordPerPageOptions:protected] => Array
        (
            [0] => 10
            [1] => 20
            [2] => 50
            [3] => 100
            [4] => 200
        )

)


2023-04-27 10:51:37 : Model_Core_Pager Object
(
    [_totalRecords:protected] => 59
    [_currentPage:protected] => 6
    [_numberOfPages:protected] => 6
    [_start:protected] => 1
    [_prev:protected] => 5
    [_next:protected] => 6
    [_end:protected] => 0
    [_recordPerPage:protected] => 10
    [_startLimit:protected] => 50
    [_recordPerPageOptions:protected] => Array
        (
            [0] => 10
            [1] => 20
            [2] => 50
            [3] => 100
            [4] => 200
        )

)


2023-04-27 10:51:38 : Model_Core_Pager Object
(
    [_totalRecords:protected] => 59
    [_currentPage:protected] => 6
    [_numberOfPages:protected] => 6
    [_start:protected] => 1
    [_prev:protected] => 5
    [_next:protected] => 6
    [_end:protected] => 0
    [_recordPerPage:protected] => 10
    [_startLimit:protected] => 50
    [_recordPerPageOptions:protected] => Array
        (
            [0] => 10
            [1] => 20
            [2] => 50
            [3] => 100
            [4] => 200
        )

)


2023-04-27 10:51:38 : Model_Core_Pager Object
(
    [_totalRecords:protected] => 59
    [_currentPage:protected] => 6
    [_numberOfPages:protected] => 6
    [_start:protected] => 1
    [_prev:protected] => 5
    [_next:protected] => 6
    [_end:protected] => 0
    [_recordPerPage:protected] => 10
    [_startLimit:protected] => 50
    [_recordPerPageOptions:protected] => Array
        (
            [0] => 10
            [1] => 20
            [2] => 50
            [3] => 100
            [4] => 200
        )

)


2023-04-27 10:51:39 : Model_Core_Pager Object
(
    [_totalRecords:protected] => 59
    [_currentPage:protected] => 6
    [_numberOfPages:protected] => 6
    [_start:protected] => 1
    [_prev:protected] => 5
    [_next:protected] => 6
    [_end:protected] => 0
    [_recordPerPage:protected] => 10
    [_startLimit:protected] => 50
    [_recordPerPageOptions:protected] => Array
        (
            [0] => 10
            [1] => 20
            [2] => 50
            [3] => 100
            [4] => 200
        )

)


2023-04-27 10:51:39 : Model_Core_Pager Object
(
    [_totalRecords:protected] => 59
    [_currentPage:protected] => 6
    [_numberOfPages:protected] => 6
    [_start:protected] => 1
    [_prev:protected] => 5
    [_next:protected] => 6
    [_end:protected] => 0
    [_recordPerPage:protected] => 10
    [_startLimit:protected] => 50
    [_recordPerPageOptions:protected] => Array
        (
            [0] => 10
            [1] => 20
            [2] => 50
            [3] => 100
            [4] => 200
        )

)


2023-04-27 10:51:40 : Model_Core_Pager Object
(
    [_totalRecords:protected] => 59
    [_currentPage:protected] => 6
    [_numberOfPages:protected] => 6
    [_start:protected] => 1
    [_prev:protected] => 5
    [_next:protected] => 6
    [_end:protected] => 0
    [_recordPerPage:protected] => 10
    [_startLimit:protected] => 50
    [_recordPerPageOptions:protected] => Array
        (
            [0] => 10
            [1] => 20
            [2] => 50
            [3] => 100
            [4] => 200
        )

)


2023-04-27 10:51:41 : Model_Core_Pager Object
(
    [_totalRecords:protected] => 59
    [_currentPage:protected] => 1
    [_numberOfPages:protected] => 6
    [_start:protected] => 0
    [_prev:protected] => 0
    [_next:protected] => 2
    [_end:protected] => 6
    [_recordPerPage:protected] => 10
    [_startLimit:protected] => 0
    [_recordPerPageOptions:protected] => Array
        (
            [0] => 10
            [1] => 20
            [2] => 50
            [3] => 100
            [4] => 200
        )

)


2023-04-27 10:51:42 : Model_Core_Pager Object
(
    [_totalRecords:protected] => 59
    [_currentPage:protected] => 1
    [_numberOfPages:protected] => 6
    [_start:protected] => 0
    [_prev:protected] => 0
    [_next:protected] => 2
    [_end:protected] => 6
    [_recordPerPage:protected] => 10
    [_startLimit:protected] => 0
    [_recordPerPageOptions:protected] => Array
        (
            [0] => 10
            [1] => 20
            [2] => 50
            [3] => 100
            [4] => 200
        )

)


2023-04-27 10:51:43 : Model_Core_Pager Object
(
    [_totalRecords:protected] => 59
    [_currentPage:protected] => 1
    [_numberOfPages:protected] => 6
    [_start:protected] => 0
    [_prev:protected] => 0
    [_next:protected] => 2
    [_end:protected] => 6
    [_recordPerPage:protected] => 10
    [_startLimit:protected] => 0
    [_recordPerPageOptions:protected] => Array
        (
            [0] => 10
            [1] => 20
            [2] => 50
            [3] => 100
            [4] => 200
        )

)


2023-04-27 10:51:43 : Model_Core_Pager Object
(
    [_totalRecords:protected] => 59
    [_currentPage:protected] => 1
    [_numberOfPages:protected] => 6
    [_start:protected] => 0
    [_prev:protected] => 0
    [_next:protected] => 2
    [_end:protected] => 6
    [_recordPerPage:protected] => 10
    [_startLimit:protected] => 0
    [_recordPerPageOptions:protected] => Array
        (
            [0] => 10
            [1] => 20
            [2] => 50
            [3] => 100
            [4] => 200
        )

)


2023-04-27 10:51:43 : Model_Core_Pager Object
(
    [_totalRecords:protected] => 59
    [_currentPage:protected] => 1
    [_numberOfPages:protected] => 6
    [_start:protected] => 0
    [_prev:protected] => 0
    [_next:protected] => 2
    [_end:protected] => 6
    [_recordPerPage:protected] => 10
    [_startLimit:protected] => 0
    [_recordPerPageOptions:protected] => Array
        (
            [0] => 10
            [1] => 20
            [2] => 50
            [3] => 100
            [4] => 200
        )

)


2023-04-27 10:51:44 : Model_Core_Pager Object
(
    [_totalRecords:protected] => 59
    [_currentPage:protected] => 1
    [_numberOfPages:protected] => 6
    [_start:protected] => 0
    [_prev:protected] => 0
    [_next:protected] => 2
    [_end:protected] => 6
    [_recordPerPage:protected] => 10
    [_startLimit:protected] => 0
    [_recordPerPageOptions:protected] => Array
        (
            [0] => 10
            [1] => 20
            [2] => 50
            [3] => 100
            [4] => 200
        )

)


2023-04-27 10:51:44 : Model_Core_Pager Object
(
    [_totalRecords:protected] => 59
    [_currentPage:protected] => 2
    [_numberOfPages:protected] => 6
    [_start:protected] => 1
    [_prev:protected] => 1
    [_next:protected] => 3
    [_end:protected] => 6
    [_recordPerPage:protected] => 10
    [_startLimit:protected] => 10
    [_recordPerPageOptions:protected] => Array
        (
            [0] => 10
            [1] => 20
            [2] => 50
            [3] => 100
            [4] => 200
        )

)


2023-04-27 10:51:45 : Model_Core_Pager Object
(
    [_totalRecords:protected] => 59
    [_currentPage:protected] => 3
    [_numberOfPages:protected] => 6
    [_start:protected] => 1
    [_prev:protected] => 2
    [_next:protected] => 4
    [_end:protected] => 6
    [_recordPerPage:protected] => 10
    [_startLimit:protected] => 20
    [_recordPerPageOptions:protected] => Array
        (
            [0] => 10
            [1] => 20
            [2] => 50
            [3] => 100
            [4] => 200
        )

)


2023-04-27 10:51:45 : Model_Core_Pager Object
(
    [_totalRecords:protected] => 59
    [_currentPage:protected] => 4
    [_numberOfPages:protected] => 6
    [_start:protected] => 1
    [_prev:protected] => 3
    [_next:protected] => 5
    [_end:protected] => 6
    [_recordPerPage:protected] => 10
    [_startLimit:protected] => 30
    [_recordPerPageOptions:protected] => Array
        (
            [0] => 10
            [1] => 20
            [2] => 50
            [3] => 100
            [4] => 200
        )

)


2023-04-27 10:51:48 : Model_Core_Pager Object
(
    [_totalRecords:protected] => 59
    [_currentPage:protected] => 5
    [_numberOfPages:protected] => 6
    [_start:protected] => 1
    [_prev:protected] => 4
    [_next:protected] => 6
    [_end:protected] => 6
    [_recordPerPage:protected] => 10
    [_startLimit:protected] => 40
    [_recordPerPageOptions:protected] => Array
        (
            [0] => 10
            [1] => 20
            [2] => 50
            [3] => 100
            [4] => 200
        )

)


2023-04-27 10:51:50 : Model_Core_Pager Object
(
    [_totalRecords:protected] => 59
    [_currentPage:protected] => 6
    [_numberOfPages:protected] => 6
    [_start:protected] => 1
    [_prev:protected] => 5
    [_next:protected] => 6
    [_end:protected] => 0
    [_recordPerPage:protected] => 10
    [_startLimit:protected] => 50
    [_recordPerPageOptions:protected] => Array
        (
            [0] => 10
            [1] => 20
            [2] => 50
            [3] => 100
            [4] => 200
        )

)


2023-04-27 10:51:50 : Model_Core_Pager Object
(
    [_totalRecords:protected] => 59
    [_currentPage:protected] => 6
    [_numberOfPages:protected] => 6
    [_start:protected] => 1
    [_prev:protected] => 5
    [_next:protected] => 6
    [_end:protected] => 0
    [_recordPerPage:protected] => 10
    [_startLimit:protected] => 50
    [_recordPerPageOptions:protected] => Array
        (
            [0] => 10
            [1] => 20
            [2] => 50
            [3] => 100
            [4] => 200
        )

)


2023-04-27 10:51:51 : Model_Core_Pager Object
(
    [_totalRecords:protected] => 59
    [_currentPage:protected] => 6
    [_numberOfPages:protected] => 6
    [_start:protected] => 1
    [_prev:protected] => 5
    [_next:protected] => 6
    [_end:protected] => 0
    [_recordPerPage:protected] => 10
    [_startLimit:protected] => 50
    [_recordPerPageOptions:protected] => Array
        (
            [0] => 10
            [1] => 20
            [2] => 50
            [3] => 100
            [4] => 200
        )

)


2023-04-27 10:51:52 : Model_Core_Pager Object
(
    [_totalRecords:protected] => 59
    [_currentPage:protected] => 1
    [_numberOfPages:protected] => 6
    [_start:protected] => 0
    [_prev:protected] => 0
    [_next:protected] => 2
    [_end:protected] => 6
    [_recordPerPage:protected] => 10
    [_startLimit:protected] => 0
    [_recordPerPageOptions:protected] => Array
        (
            [0] => 10
            [1] => 20
            [2] => 50
            [3] => 100
            [4] => 200
        )

)


2023-04-27 10:51:54 : Model_Core_Pager Object
(
    [_totalRecords:protected] => 59
    [_currentPage:protected] => 6
    [_numberOfPages:protected] => 6
    [_start:protected] => 1
    [_prev:protected] => 5
    [_next:protected] => 6
    [_end:protected] => 0
    [_recordPerPage:protected] => 10
    [_startLimit:protected] => 50
    [_recordPerPageOptions:protected] => Array
        (
            [0] => 10
            [1] => 20
            [2] => 50
            [3] => 100
            [4] => 200
        )

)


2023-04-27 10:51:55 : Model_Core_Pager Object
(
    [_totalRecords:protected] => 59
    [_currentPage:protected] => 6
    [_numberOfPages:protected] => 6
    [_start:protected] => 1
    [_prev:protected] => 5
    [_next:protected] => 6
    [_end:protected] => 0
    [_recordPerPage:protected] => 10
    [_startLimit:protected] => 50
    [_recordPerPageOptions:protected] => Array
        (
            [0] => 10
            [1] => 20
            [2] => 50
            [3] => 100
            [4] => 200
        )

)


2023-04-27 10:51:56 : Model_Core_Pager Object
(
    [_totalRecords:protected] => 59
    [_currentPage:protected] => 6
    [_numberOfPages:protected] => 6
    [_start:protected] => 1
    [_prev:protected] => 5
    [_next:protected] => 6
    [_end:protected] => 0
    [_recordPerPage:protected] => 10
    [_startLimit:protected] => 50
    [_recordPerPageOptions:protected] => Array
        (
            [0] => 10
            [1] => 20
            [2] => 50
            [3] => 100
            [4] => 200
        )

)


2023-04-27 10:51:57 : Model_Core_Pager Object
(
    [_totalRecords:protected] => 59
    [_currentPage:protected] => 5
    [_numberOfPages:protected] => 6
    [_start:protected] => 1
    [_prev:protected] => 4
    [_next:protected] => 6
    [_end:protected] => 6
    [_recordPerPage:protected] => 10
    [_startLimit:protected] => 40
    [_recordPerPageOptions:protected] => Array
        (
            [0] => 10
            [1] => 20
            [2] => 50
            [3] => 100
            [4] => 200
        )

)


2023-04-27 10:51:58 : Model_Core_Pager Object
(
    [_totalRecords:protected] => 59
    [_currentPage:protected] => 4
    [_numberOfPages:protected] => 6
    [_start:protected] => 1
    [_prev:protected] => 3
    [_next:protected] => 5
    [_end:protected] => 6
    [_recordPerPage:protected] => 10
    [_startLimit:protected] => 30
    [_recordPerPageOptions:protected] => Array
        (
            [0] => 10
            [1] => 20
            [2] => 50
            [3] => 100
            [4] => 200
        )

)


2023-04-27 10:51:59 : Model_Core_Pager Object
(
    [_totalRecords:protected] => 59
    [_currentPage:protected] => 3
    [_numberOfPages:protected] => 6
    [_start:protected] => 1
    [_prev:protected] => 2
    [_next:protected] => 4
    [_end:protected] => 6
    [_recordPerPage:protected] => 10
    [_startLimit:protected] => 20
    [_recordPerPageOptions:protected] => Array
        (
            [0] => 10
            [1] => 20
            [2] => 50
            [3] => 100
            [4] => 200
        )

)


2023-04-27 10:52:00 : Model_Core_Pager Object
(
    [_totalRecords:protected] => 59
    [_currentPage:protected] => 2
    [_numberOfPages:protected] => 6
    [_start:protected] => 1
    [_prev:protected] => 1
    [_next:protected] => 3
    [_end:protected] => 6
    [_recordPerPage:protected] => 10
    [_startLimit:protected] => 10
    [_recordPerPageOptions:protected] => Array
        (
            [0] => 10
            [1] => 20
            [2] => 50
            [3] => 100
            [4] => 200
        )

)


2023-04-27 10:52:00 : Model_Core_Pager Object
(
    [_totalRecords:protected] => 59
    [_currentPage:protected] => 1
    [_numberOfPages:protected] => 6
    [_start:protected] => 0
    [_prev:protected] => 0
    [_next:protected] => 2
    [_end:protected] => 6
    [_recordPerPage:protected] => 10
    [_startLimit:protected] => 0
    [_recordPerPageOptions:protected] => Array
        (
            [0] => 10
            [1] => 20
            [2] => 50
            [3] => 100
            [4] => 200
        )

)


2023-04-27 10:52:01 : Model_Core_Pager Object
(
    [_totalRecords:protected] => 59
    [_currentPage:protected] => 1
    [_numberOfPages:protected] => 6
    [_start:protected] => 0
    [_prev:protected] => 0
    [_next:protected] => 2
    [_end:protected] => 6
    [_recordPerPage:protected] => 10
    [_startLimit:protected] => 0
    [_recordPerPageOptions:protected] => Array
        (
            [0] => 10
            [1] => 20
            [2] => 50
            [3] => 100
            [4] => 200
        )

)


2023-04-27 10:52:02 : Model_Core_Pager Object
(
    [_totalRecords:protected] => 59
    [_currentPage:protected] => 1
    [_numberOfPages:protected] => 6
    [_start:protected] => 0
    [_prev:protected] => 0
    [_next:protected] => 2
    [_end:protected] => 6
    [_recordPerPage:protected] => 10
    [_startLimit:protected] => 0
    [_recordPerPageOptions:protected] => Array
        (
            [0] => 10
            [1] => 20
            [2] => 50
            [3] => 100
            [4] => 200
        )

)


