2023-04-20 21:33:14 : Model_Quote Object
(
    [data:protected] => Array
        (
            [order_id] => 6
            [customer_id] => 146
            [status] => 0
            [payment_method_id] => 0
            [shipping_method_id] => 0
            [shipping_amount] => 0
            [total] => 0
            [quote_billing_id] => 0
            [quote_shipping_id] => 0
            [created_at] => 2023-04-20 19:11:47
        )

    [resourceClass:protected] => Model_Quote_Resource
    [resource:protected] => Model_Quote_Resource Object
        (
            [adapter:protected] => Model_Core_Adapter Object
                (
                    [config] => Array
                        (
                            [host] => localhost
                            [username] => root
                            [password] => 
                            [dbname] => newmvc-parth-jethwani
                        )

                    [connect] => mysqli Object
                        (
                            [affected_rows] => 1
                            [client_info] => mysqlnd 8.1.4
                            [client_version] => 80104
                            [connect_errno] => 0
                            [connect_error] => 
                            [errno] => 0
                            [error] => 
                            [error_list] => Array
                                (
                                )

                            [field_count] => 10
                            [host_info] => localhost via TCP/IP
                            [info] => 
                            [insert_id] => 0
                            [server_info] => 10.4.24-MariaDB
                            [server_version] => 100424
                            [sqlstate] => 00000
                            [protocol_version] => 10
                            [thread_id] => 8979
                            [warning_count] => 0
                        )

                )

            [primaryKey:protected] => order_id
            [tableName:protected] => quote
        )

    [collectionClass:protected] => Model_Quote_Collection
    [collection:protected] => 
    [quote:protected] => 
)


2023-04-20 21:33:15 : Model_Quote Object
(
    [data:protected] => Array
        (
            [order_id] => 6
            [customer_id] => 146
            [status] => 0
            [payment_method_id] => 0
            [shipping_method_id] => 0
            [shipping_amount] => 0
            [total] => 0
            [quote_billing_id] => 0
            [quote_shipping_id] => 0
            [created_at] => 2023-04-20 19:11:47
        )

    [resourceClass:protected] => Model_Quote_Resource
    [resource:protected] => Model_Quote_Resource Object
        (
            [adapter:protected] => Model_Core_Adapter Object
                (
                    [config] => Array
                        (
                            [host] => localhost
                            [username] => root
                            [password] => 
                            [dbname] => newmvc-parth-jethwani
                        )

                    [connect] => mysqli Object
                        (
                            [affected_rows] => 1
                            [client_info] => mysqlnd 8.1.4
                            [client_version] => 80104
                            [connect_errno] => 0
                            [connect_error] => 
                            [errno] => 0
                            [error] => 
                            [error_list] => Array
                                (
                                )

                            [field_count] => 10
                            [host_info] => localhost via TCP/IP
                            [info] => 
                            [insert_id] => 0
                            [server_info] => 10.4.24-MariaDB
                            [server_version] => 100424
                            [sqlstate] => 00000
                            [protocol_version] => 10
                            [thread_id] => 8988
                            [warning_count] => 0
                        )

                )

            [primaryKey:protected] => order_id
            [tableName:protected] => quote
        )

    [collectionClass:protected] => Model_Quote_Collection
    [collection:protected] => 
    [quote:protected] => 
)


2023-04-20 21:33:19 : Model_Quote Object
(
    [data:protected] => Array
        (
            [order_id] => 6
            [customer_id] => 146
            [status] => 0
            [payment_method_id] => 0
            [shipping_method_id] => 0
            [shipping_amount] => 0
            [total] => 0
            [quote_billing_id] => 0
            [quote_shipping_id] => 0
            [created_at] => 2023-04-20 19:11:47
        )

    [resourceClass:protected] => Model_Quote_Resource
    [resource:protected] => Model_Quote_Resource Object
        (
            [adapter:protected] => Model_Core_Adapter Object
                (
                    [config] => Array
                        (
                            [host] => localhost
                            [username] => root
                            [password] => 
                            [dbname] => newmvc-parth-jethwani
                        )

                    [connect] => mysqli Object
                        (
                            [affected_rows] => 1
                            [client_info] => mysqlnd 8.1.4
                            [client_version] => 80104
                            [connect_errno] => 0
                            [connect_error] => 
                            [errno] => 0
                            [error] => 
                            [error_list] => Array
                                (
                                )

                            [field_count] => 10
                            [host_info] => localhost via TCP/IP
                            [info] => 
                            [insert_id] => 0
                            [server_info] => 10.4.24-MariaDB
                            [server_version] => 100424
                            [sqlstate] => 00000
                            [protocol_version] => 10
                            [thread_id] => 8998
                            [warning_count] => 0
                        )

                )

            [primaryKey:protected] => order_id
            [tableName:protected] => quote
        )

    [collectionClass:protected] => Model_Quote_Collection
    [collection:protected] => 
    [quote:protected] => 
)


