2023-04-27 11:56:55 : mysqli_result Object
(
    [current_field] => 0
    [field_count] => 1
    [lengths] => 
    [num_rows] => 1
    [type] => 0
)


2023-04-27 11:56:55 : mysqli_result Object
(
    [current_field] => 0
    [field_count] => 1
    [lengths] => 
    [num_rows] => 1
    [type] => 0
)


2023-04-27 11:56:55 : mysqli_result Object
(
    [current_field] => 0
    [field_count] => 1
    [lengths] => 
    [num_rows] => 0
    [type] => 0
)


2023-04-27 11:56:55 : mysqli_result Object
(
    [current_field] => 0
    [field_count] => 1
    [lengths] => 
    [num_rows] => 0
    [type] => 0
)


2023-04-27 11:56:55 : mysqli_result Object
(
    [current_field] => 0
    [field_count] => 1
    [lengths] => 
    [num_rows] => 1
    [type] => 0
)


2023-04-27 11:56:55 : mysqli_result Object
(
    [current_field] => 0
    [field_count] => 1
    [lengths] => 
    [num_rows] => 0
    [type] => 0
)


2023-04-27 11:57:20 : mysqli_result Object
(
    [current_field] => 0
    [field_count] => 1
    [lengths] => 
    [num_rows] => 1
    [type] => 0
)


2023-04-27 11:57:20 : mysqli_result Object
(
    [current_field] => 0
    [field_count] => 1
    [lengths] => 
    [num_rows] => 1
    [type] => 0
)


2023-04-27 11:57:20 : mysqli_result Object
(
    [current_field] => 0
    [field_count] => 1
    [lengths] => 
    [num_rows] => 0
    [type] => 0
)


2023-04-27 11:57:20 : mysqli_result Object
(
    [current_field] => 0
    [field_count] => 1
    [lengths] => 
    [num_rows] => 0
    [type] => 0
)


2023-04-27 11:57:20 : mysqli_result Object
(
    [current_field] => 0
    [field_count] => 1
    [lengths] => 
    [num_rows] => 1
    [type] => 0
)


2023-04-27 11:57:20 : mysqli_result Object
(
    [current_field] => 0
    [field_count] => 1
    [lengths] => 
    [num_rows] => 0
    [type] => 0
)


2023-04-27 11:57:21 : mysqli_result Object
(
    [current_field] => 0
    [field_count] => 1
    [lengths] => 
    [num_rows] => 1
    [type] => 0
)


2023-04-27 11:57:21 : mysqli_result Object
(
    [current_field] => 0
    [field_count] => 1
    [lengths] => 
    [num_rows] => 1
    [type] => 0
)


2023-04-27 11:57:21 : mysqli_result Object
(
    [current_field] => 0
    [field_count] => 1
    [lengths] => 
    [num_rows] => 0
    [type] => 0
)


2023-04-27 11:57:21 : mysqli_result Object
(
    [current_field] => 0
    [field_count] => 1
    [lengths] => 
    [num_rows] => 0
    [type] => 0
)


2023-04-27 11:57:21 : mysqli_result Object
(
    [current_field] => 0
    [field_count] => 1
    [lengths] => 
    [num_rows] => 1
    [type] => 0
)


2023-04-27 11:57:21 : mysqli_result Object
(
    [current_field] => 0
    [field_count] => 1
    [lengths] => 
    [num_rows] => 0
    [type] => 0
)


2023-04-27 11:57:21 : mysqli_result Object
(
    [current_field] => 0
    [field_count] => 1
    [lengths] => 
    [num_rows] => 1
    [type] => 0
)


2023-04-27 11:57:21 : mysqli_result Object
(
    [current_field] => 0
    [field_count] => 1
    [lengths] => 
    [num_rows] => 1
    [type] => 0
)


2023-04-27 11:57:21 : mysqli_result Object
(
    [current_field] => 0
    [field_count] => 1
    [lengths] => 
    [num_rows] => 0
    [type] => 0
)


2023-04-27 11:57:21 : mysqli_result Object
(
    [current_field] => 0
    [field_count] => 1
    [lengths] => 
    [num_rows] => 0
    [type] => 0
)


2023-04-27 11:57:21 : mysqli_result Object
(
    [current_field] => 0
    [field_count] => 1
    [lengths] => 
    [num_rows] => 1
    [type] => 0
)


2023-04-27 11:57:21 : mysqli_result Object
(
    [current_field] => 0
    [field_count] => 1
    [lengths] => 
    [num_rows] => 0
    [type] => 0
)


2023-04-27 11:57:21 : mysqli_result Object
(
    [current_field] => 0
    [field_count] => 1
    [lengths] => 
    [num_rows] => 1
    [type] => 0
)


2023-04-27 11:57:21 : mysqli_result Object
(
    [current_field] => 0
    [field_count] => 1
    [lengths] => 
    [num_rows] => 1
    [type] => 0
)


2023-04-27 11:57:21 : mysqli_result Object
(
    [current_field] => 0
    [field_count] => 1
    [lengths] => 
    [num_rows] => 0
    [type] => 0
)


2023-04-27 11:57:21 : mysqli_result Object
(
    [current_field] => 0
    [field_count] => 1
    [lengths] => 
    [num_rows] => 0
    [type] => 0
)


2023-04-27 11:57:21 : mysqli_result Object
(
    [current_field] => 0
    [field_count] => 1
    [lengths] => 
    [num_rows] => 1
    [type] => 0
)


2023-04-27 11:57:21 : mysqli_result Object
(
    [current_field] => 0
    [field_count] => 1
    [lengths] => 
    [num_rows] => 0
    [type] => 0
)


2023-04-27 11:57:21 : mysqli_result Object
(
    [current_field] => 0
    [field_count] => 1
    [lengths] => 
    [num_rows] => 1
    [type] => 0
)


2023-04-27 11:57:21 : mysqli_result Object
(
    [current_field] => 0
    [field_count] => 1
    [lengths] => 
    [num_rows] => 1
    [type] => 0
)


2023-04-27 11:57:21 : mysqli_result Object
(
    [current_field] => 0
    [field_count] => 1
    [lengths] => 
    [num_rows] => 0
    [type] => 0
)


2023-04-27 11:57:21 : mysqli_result Object
(
    [current_field] => 0
    [field_count] => 1
    [lengths] => 
    [num_rows] => 0
    [type] => 0
)


2023-04-27 11:57:21 : mysqli_result Object
(
    [current_field] => 0
    [field_count] => 1
    [lengths] => 
    [num_rows] => 1
    [type] => 0
)


2023-04-27 11:57:21 : mysqli_result Object
(
    [current_field] => 0
    [field_count] => 1
    [lengths] => 
    [num_rows] => 0
    [type] => 0
)


2023-04-27 11:57:22 : mysqli_result Object
(
    [current_field] => 0
    [field_count] => 1
    [lengths] => 
    [num_rows] => 1
    [type] => 0
)


2023-04-27 11:57:22 : mysqli_result Object
(
    [current_field] => 0
    [field_count] => 1
    [lengths] => 
    [num_rows] => 1
    [type] => 0
)


2023-04-27 11:57:22 : mysqli_result Object
(
    [current_field] => 0
    [field_count] => 1
    [lengths] => 
    [num_rows] => 0
    [type] => 0
)


2023-04-27 11:57:22 : mysqli_result Object
(
    [current_field] => 0
    [field_count] => 1
    [lengths] => 
    [num_rows] => 0
    [type] => 0
)


2023-04-27 11:57:22 : mysqli_result Object
(
    [current_field] => 0
    [field_count] => 1
    [lengths] => 
    [num_rows] => 1
    [type] => 0
)


2023-04-27 11:57:22 : mysqli_result Object
(
    [current_field] => 0
    [field_count] => 1
    [lengths] => 
    [num_rows] => 0
    [type] => 0
)


2023-04-27 11:57:32 : mysqli_result Object
(
    [current_field] => 0
    [field_count] => 1
    [lengths] => 
    [num_rows] => 1
    [type] => 0
)


2023-04-27 11:57:32 : mysqli_result Object
(
    [current_field] => 0
    [field_count] => 1
    [lengths] => 
    [num_rows] => 1
    [type] => 0
)


2023-04-27 11:57:32 : mysqli_result Object
(
    [current_field] => 0
    [field_count] => 1
    [lengths] => 
    [num_rows] => 0
    [type] => 0
)


2023-04-27 11:57:32 : mysqli_result Object
(
    [current_field] => 0
    [field_count] => 1
    [lengths] => 
    [num_rows] => 0
    [type] => 0
)


2023-04-27 11:57:32 : mysqli_result Object
(
    [current_field] => 0
    [field_count] => 1
    [lengths] => 
    [num_rows] => 1
    [type] => 0
)


2023-04-27 11:57:32 : mysqli_result Object
(
    [current_field] => 0
    [field_count] => 1
    [lengths] => 
    [num_rows] => 0
    [type] => 0
)


2023-04-27 11:57:45 : mysqli_result Object
(
    [current_field] => 0
    [field_count] => 1
    [lengths] => 
    [num_rows] => 1
    [type] => 0
)


2023-04-27 11:57:45 : mysqli_result Object
(
    [current_field] => 0
    [field_count] => 1
    [lengths] => 
    [num_rows] => 1
    [type] => 0
)


2023-04-27 11:57:45 : mysqli_result Object
(
    [current_field] => 0
    [field_count] => 1
    [lengths] => 
    [num_rows] => 0
    [type] => 0
)


2023-04-27 11:57:45 : mysqli_result Object
(
    [current_field] => 0
    [field_count] => 1
    [lengths] => 
    [num_rows] => 0
    [type] => 0
)


2023-04-27 11:57:45 : mysqli_result Object
(
    [current_field] => 0
    [field_count] => 1
    [lengths] => 
    [num_rows] => 1
    [type] => 0
)


2023-04-27 11:57:45 : mysqli_result Object
(
    [current_field] => 0
    [field_count] => 1
    [lengths] => 
    [num_rows] => 0
    [type] => 0
)


2023-04-27 11:57:46 : mysqli_result Object
(
    [current_field] => 0
    [field_count] => 1
    [lengths] => 
    [num_rows] => 1
    [type] => 0
)


2023-04-27 11:57:46 : mysqli_result Object
(
    [current_field] => 0
    [field_count] => 1
    [lengths] => 
    [num_rows] => 1
    [type] => 0
)


2023-04-27 11:57:46 : mysqli_result Object
(
    [current_field] => 0
    [field_count] => 1
    [lengths] => 
    [num_rows] => 0
    [type] => 0
)


2023-04-27 11:57:46 : mysqli_result Object
(
    [current_field] => 0
    [field_count] => 1
    [lengths] => 
    [num_rows] => 0
    [type] => 0
)


2023-04-27 11:57:46 : mysqli_result Object
(
    [current_field] => 0
    [field_count] => 1
    [lengths] => 
    [num_rows] => 1
    [type] => 0
)


2023-04-27 11:57:46 : mysqli_result Object
(
    [current_field] => 0
    [field_count] => 1
    [lengths] => 
    [num_rows] => 0
    [type] => 0
)


2023-04-27 11:57:47 : mysqli_result Object
(
    [current_field] => 0
    [field_count] => 1
    [lengths] => 
    [num_rows] => 1
    [type] => 0
)


2023-04-27 11:57:47 : mysqli_result Object
(
    [current_field] => 0
    [field_count] => 1
    [lengths] => 
    [num_rows] => 1
    [type] => 0
)


2023-04-27 11:57:47 : mysqli_result Object
(
    [current_field] => 0
    [field_count] => 1
    [lengths] => 
    [num_rows] => 0
    [type] => 0
)


2023-04-27 11:57:47 : mysqli_result Object
(
    [current_field] => 0
    [field_count] => 1
    [lengths] => 
    [num_rows] => 0
    [type] => 0
)


2023-04-27 11:57:47 : mysqli_result Object
(
    [current_field] => 0
    [field_count] => 1
    [lengths] => 
    [num_rows] => 1
    [type] => 0
)


2023-04-27 11:57:47 : mysqli_result Object
(
    [current_field] => 0
    [field_count] => 1
    [lengths] => 
    [num_rows] => 0
    [type] => 0
)


2023-04-27 11:57:47 : mysqli_result Object
(
    [current_field] => 0
    [field_count] => 1
    [lengths] => 
    [num_rows] => 1
    [type] => 0
)


2023-04-27 11:57:47 : mysqli_result Object
(
    [current_field] => 0
    [field_count] => 1
    [lengths] => 
    [num_rows] => 1
    [type] => 0
)


2023-04-27 11:57:47 : mysqli_result Object
(
    [current_field] => 0
    [field_count] => 1
    [lengths] => 
    [num_rows] => 0
    [type] => 0
)


2023-04-27 11:57:47 : mysqli_result Object
(
    [current_field] => 0
    [field_count] => 1
    [lengths] => 
    [num_rows] => 0
    [type] => 0
)


2023-04-27 11:57:47 : mysqli_result Object
(
    [current_field] => 0
    [field_count] => 1
    [lengths] => 
    [num_rows] => 1
    [type] => 0
)


2023-04-27 11:57:47 : mysqli_result Object
(
    [current_field] => 0
    [field_count] => 1
    [lengths] => 
    [num_rows] => 0
    [type] => 0
)


2023-04-27 11:57:47 : mysqli_result Object
(
    [current_field] => 0
    [field_count] => 1
    [lengths] => 
    [num_rows] => 1
    [type] => 0
)


2023-04-27 11:57:47 : mysqli_result Object
(
    [current_field] => 0
    [field_count] => 1
    [lengths] => 
    [num_rows] => 1
    [type] => 0
)


2023-04-27 11:57:47 : mysqli_result Object
(
    [current_field] => 0
    [field_count] => 1
    [lengths] => 
    [num_rows] => 0
    [type] => 0
)


2023-04-27 11:57:47 : mysqli_result Object
(
    [current_field] => 0
    [field_count] => 1
    [lengths] => 
    [num_rows] => 0
    [type] => 0
)


2023-04-27 11:57:47 : mysqli_result Object
(
    [current_field] => 0
    [field_count] => 1
    [lengths] => 
    [num_rows] => 1
    [type] => 0
)


2023-04-27 11:57:47 : mysqli_result Object
(
    [current_field] => 0
    [field_count] => 1
    [lengths] => 
    [num_rows] => 0
    [type] => 0
)


2023-04-27 11:57:47 : mysqli_result Object
(
    [current_field] => 0
    [field_count] => 1
    [lengths] => 
    [num_rows] => 1
    [type] => 0
)


2023-04-27 11:57:47 : mysqli_result Object
(
    [current_field] => 0
    [field_count] => 1
    [lengths] => 
    [num_rows] => 1
    [type] => 0
)


2023-04-27 11:57:47 : mysqli_result Object
(
    [current_field] => 0
    [field_count] => 1
    [lengths] => 
    [num_rows] => 0
    [type] => 0
)


2023-04-27 11:57:47 : mysqli_result Object
(
    [current_field] => 0
    [field_count] => 1
    [lengths] => 
    [num_rows] => 0
    [type] => 0
)


2023-04-27 11:57:47 : mysqli_result Object
(
    [current_field] => 0
    [field_count] => 1
    [lengths] => 
    [num_rows] => 1
    [type] => 0
)


2023-04-27 11:57:47 : mysqli_result Object
(
    [current_field] => 0
    [field_count] => 1
    [lengths] => 
    [num_rows] => 0
    [type] => 0
)


